c:\users\asus\desktop\pemrograman gim\bittersuit\bittersuit\x64\debug\vc142.pdb
c:\users\asus\desktop\pemrograman gim\bittersuit\bittersuit\x64\debug\vc142.idb
c:\users\asus\desktop\pemrograman gim\bittersuit\bittersuit\x64\debug\texturemanager.obj
c:\users\asus\desktop\pemrograman gim\bittersuit\bittersuit\x64\debug\vector2d.obj
c:\users\asus\desktop\pemrograman gim\bittersuit\bittersuit\x64\debug\map.obj
c:\users\asus\desktop\pemrograman gim\bittersuit\bittersuit\x64\debug\main.obj
c:\users\asus\desktop\pemrograman gim\bittersuit\bittersuit\x64\debug\gameobject.obj
c:\users\asus\desktop\pemrograman gim\bittersuit\bittersuit\x64\debug\game.obj
c:\users\asus\desktop\pemrograman gim\bittersuit\bittersuit\x64\debug\collision.obj
c:\users\asus\desktop\pemrograman gim\bittersuit - modifying\bittersuit\x64\debug\vc142.pdb
c:\users\asus\desktop\pemrograman gim\bittersuit - modifying\bittersuit\x64\debug\vc142.idb
c:\users\asus\desktop\pemrograman gim\bittersuit - modifying\bittersuit\x64\debug\texturemanager.obj
c:\users\asus\desktop\pemrograman gim\bittersuit - modifying\bittersuit\x64\debug\vector2d.obj
c:\users\asus\desktop\pemrograman gim\bittersuit - modifying\bittersuit\x64\debug\map.obj
c:\users\asus\desktop\pemrograman gim\bittersuit - modifying\bittersuit\x64\debug\main.obj
c:\users\asus\desktop\pemrograman gim\bittersuit - modifying\bittersuit\x64\debug\gameobject.obj
c:\users\asus\desktop\pemrograman gim\bittersuit - modifying\bittersuit\x64\debug\game.obj
c:\users\asus\desktop\pemrograman gim\bittersuit - modifying\bittersuit\x64\debug\collision.obj
c:\users\asus\desktop\pemrograman gim\bittersuit\bittersuit\x64\debug\bittersuit.ilk
c:\users\asus\desktop\pemrograman gim\bittersuit\bittersuit\x64\debug\bittersuit.exe
c:\users\asus\desktop\pemrograman gim\bittersuit\bittersuit\x64\debug\bittersuit.pdb
c:\users\asus\desktop\pemrograman gim\bittersuit - modifying\bittersuit\x64\debug\bittersuit.exe
c:\users\asus\desktop\pemrograman gim\bittersuit - modifying\bittersuit\x64\debug\bittersuit.ilk
c:\users\asus\desktop\pemrograman gim\bittersuit - modifying\bittersuit\x64\debug\bittersuit.pdb
c:\users\asus\desktop\pemrograman gim\bittersuit - modifying\bittersuit\x64\debug\game.new.obj.enc
c:\users\asus\desktop\pemrograman gim\bittersuit - modifying\bittersuit\x64\debug\gameobject.obj.enc
c:\users\asus\desktop\pemrograman gim\bittersuit - modifying\bittersuit\x64\debug\main.new.obj.enc
c:\users\asus\desktop\pemrograman gim\bittersuit - modifying\bittersuit\x64\debug\texturemanager.new.obj.enc
c:\users\asus\desktop\pemrograman gim\bittersuit - modifying\bittersuit\x64\debug\kenapaayammenyebrangjalan.res
c:\users\asus\desktop\pemrograman gim\bittersuit - modifying\bittersuit\x64\debug\vc141.idb
c:\users\asus\desktop\pemrograman gim\bittersuit - modifying\bittersuit\x64\debug\vc141.pdb
c:\users\asus\desktop\pemrograman gim\bittersuit - modifying\bittersuit\x64\debug\bittersuit.tlog\cl.command.1.tlog
c:\users\asus\desktop\pemrograman gim\bittersuit - modifying\bittersuit\x64\debug\bittersuit.tlog\cl.read.1.tlog
c:\users\asus\desktop\pemrograman gim\bittersuit - modifying\bittersuit\x64\debug\bittersuit.tlog\cl.write.1.tlog
c:\users\asus\desktop\pemrograman gim\bittersuit - modifying\bittersuit\x64\debug\bittersuit.tlog\link.command.1.tlog
c:\users\asus\desktop\pemrograman gim\bittersuit - modifying\bittersuit\x64\debug\bittersuit.tlog\link.read.1.tlog
c:\users\asus\desktop\pemrograman gim\bittersuit - modifying\bittersuit\x64\debug\bittersuit.tlog\link.write.1.tlog
c:\users\asus\desktop\pemrograman gim\bittersuit - modifying\bittersuit\x64\debug\bittersuit.tlog\rc.command.1.tlog
c:\users\asus\desktop\pemrograman gim\bittersuit - modifying\bittersuit\x64\debug\bittersuit.tlog\rc.read.1.tlog
c:\users\asus\desktop\pemrograman gim\bittersuit - modifying\bittersuit\x64\debug\bittersuit.tlog\rc.write.1.tlog
